# JRE version: OpenJDK Runtime Environment (21.0.5) (build 21.0.5+-13047016-b750.29)
# Java VM: OpenJDK 64-Bit Server VM (21.0.5+-13047016-b750.29, mixed mode, tiered, compressed oops, compressed class ptrs, g1 gc, windows-amd64)
GC Precious Log:
 CardTable entry size: 512
 Card Set container configuration: InlinePtr #cards 4 size 8 Array Of Cards #cards 32 size 80 Howl #buckets 8 coarsen threshold 7372 Howl Bitmap #cards 1024 size 144 coarsen threshold 921 Card regions per heap region 1 cards per card region 8192
 CPUs: 8 total, 8 available
 Memory: 16242M
 Large Page Support: Disabled
 NUMA Support: Disabled
 Compressed Oops: Enabled (Zero based)
 Heap Region Size: 4M
 Heap Min Capacity: 8M
 Heap Initial Capacity: 256M
 Heap Max Capacity: 8G
 Pre-touch: Disabled
 Parallel Workers: 8
 Concurrent Workers: 2
 Concurrent Refinement Workers: 8
 Periodic GC: Disabled
Heap:
 garbage-first heap   total 1097728K, used 608910K [0x0000000600000000, 0x0000000800000000)
  region size 4096K, 12 young (49152K), 12 survivors (49152K)
 Metaspace       used 191667K, committed 194560K, reserved 1245184K
  class space    used 24762K, committed 26176K, reserved 1048576K
GC Heap History (20 events):
Event: 90.918 GC heap after
{Heap after GC invocations=80 (full 0):
 garbage-first heap   total 798720K, used 437222K [0x0000000600000000, 0x0000000800000000)
  region size 4096K, 11 young (45056K), 11 survivors (45056K)
 Metaspace       used 181800K, committed 184704K, reserved 1245184K
  class space    used 23573K, committed 25024K, reserved 1048576K
}
Event: 92.432 GC heap before
{Heap before GC invocations=80 (full 0):
 garbage-first heap   total 798720K, used 674790K [0x0000000600000000, 0x0000000800000000)
  region size 4096K, 70 young (286720K), 11 survivors (45056K)
 Metaspace       used 185162K, committed 188096K, reserved 1245184K
  class space    used 23961K, committed 25408K, reserved 1048576K
}
Event: 92.487 GC heap after
{Heap after GC invocations=81 (full 0):
 garbage-first heap   total 798720K, used 471159K [0x0000000600000000, 0x0000000800000000)
  region size 4096K, 9 young (36864K), 9 survivors (36864K)
 Metaspace       used 185162K, committed 188096K, reserved 1245184K
  class space    used 23961K, committed 25408K, reserved 1048576K
}
Event: 93.625 GC heap before
{Heap before GC invocations=82 (full 0):
 garbage-first heap   total 798720K, used 688247K [0x0000000600000000, 0x0000000800000000)
  region size 4096K, 63 young (258048K), 9 survivors (36864K)
 Metaspace       used 185537K, committed 188544K, reserved 1245184K
  class space    used 24059K, committed 25536K, reserved 1048576K
}
Event: 93.722 GC heap after
{Heap after GC invocations=83 (full 0):
 garbage-first heap   total 798720K, used 521002K [0x0000000600000000, 0x0000000800000000)
  region size 4096K, 8 young (32768K), 8 survivors (32768K)
 Metaspace       used 185537K, committed 188544K, reserved 1245184K
  class space    used 24059K, committed 25536K, reserved 1048576K
}
Event: 94.252 GC heap before
{Heap before GC invocations=83 (full 0):
 garbage-first heap   total 798720K, used 697130K [0x0000000600000000, 0x0000000800000000)
  region size 4096K, 52 young (212992K), 8 survivors (32768K)
 Metaspace       used 185654K, committed 188608K, reserved 1245184K
  class space    used 24060K, committed 25536K, reserved 1048576K
}
Event: 94.351 GC heap after
{Heap after GC invocations=84 (full 0):
 garbage-first heap   total 815104K, used 580567K [0x0000000600000000, 0x0000000800000000)
  region size 4096K, 7 young (28672K), 7 survivors (28672K)
 Metaspace       used 185654K, committed 188608K, reserved 1245184K
  class space    used 24060K, committed 25536K, reserved 1048576K
}
Event: 94.638 GC heap before
{Heap before GC invocations=84 (full 0):
 garbage-first heap   total 815104K, used 711639K [0x0000000600000000, 0x0000000800000000)
  region size 4096K, 40 young (163840K), 7 survivors (28672K)
 Metaspace       used 185780K, committed 188736K, reserved 1245184K
  class space    used 24061K, committed 25536K, reserved 1048576K
}
Event: 94.685 GC heap after
{Heap after GC invocations=85 (full 0):
 garbage-first heap   total 1052672K, used 614400K [0x0000000600000000, 0x0000000800000000)
  region size 4096K, 5 young (20480K), 5 survivors (20480K)
 Metaspace       used 185780K, committed 188736K, reserved 1245184K
  class space    used 24061K, committed 25536K, reserved 1048576K
}
Event: 96.572 GC heap before
{Heap before GC invocations=86 (full 0):
 garbage-first heap   total 1052672K, used 897024K [0x0000000600000000, 0x0000000800000000)
  region size 4096K, 75 young (307200K), 5 survivors (20480K)
 Metaspace       used 186634K, committed 189504K, reserved 1245184K
  class space    used 24130K, committed 25536K, reserved 1048576K
}
Event: 96.609 GC heap after
{Heap after GC invocations=87 (full 0):
 garbage-first heap   total 1052672K, used 641194K [0x0000000600000000, 0x0000000800000000)
  region size 4096K, 10 young (40960K), 10 survivors (40960K)
 Metaspace       used 186634K, committed 189504K, reserved 1245184K
  class space    used 24130K, committed 25536K, reserved 1048576K
}
Event: 97.825 GC heap before
{Heap before GC invocations=87 (full 0):
 garbage-first heap   total 1052672K, used 915626K [0x0000000600000000, 0x0000000800000000)
  region size 4096K, 78 young (319488K), 10 survivors (40960K)
 Metaspace       used 187313K, committed 190144K, reserved 1245184K
  class space    used 24205K, committed 25600K, reserved 1048576K
}
Event: 97.882 GC heap after
{Heap after GC invocations=88 (full 0):
 garbage-first heap   total 1052672K, used 651771K [0x0000000600000000, 0x0000000800000000)
  region size 4096K, 7 young (28672K), 7 survivors (28672K)
 Metaspace       used 187313K, committed 190144K, reserved 1245184K
  class space    used 24205K, committed 25600K, reserved 1048576K
}
Event: 99.483 GC heap before
{Heap before GC invocations=88 (full 0):
 garbage-first heap   total 1052672K, used 930299K [0x0000000600000000, 0x0000000800000000)
  region size 4096K, 76 young (311296K), 7 survivors (28672K)
 Metaspace       used 189684K, committed 192576K, reserved 1245184K
  class space    used 24530K, committed 25920K, reserved 1048576K
}
Event: 99.508 GC heap after
{Heap after GC invocations=89 (full 0):
 garbage-first heap   total 1052672K, used 658630K [0x0000000600000000, 0x0000000800000000)
  region size 4096K, 4 young (16384K), 4 survivors (16384K)
 Metaspace       used 189684K, committed 192576K, reserved 1245184K
  class space    used 24530K, committed 25920K, reserved 1048576K
}
Event: 101.215 GC heap before
{Heap before GC invocations=90 (full 0):
 garbage-first heap   total 1085440K, used 937158K [0x0000000600000000, 0x0000000800000000)
  region size 4096K, 76 young (311296K), 4 survivors (16384K)
 Metaspace       used 190021K, committed 192896K, reserved 1245184K
  class space    used 24563K, committed 25984K, reserved 1048576K
}
Event: 101.249 GC heap after
{Heap after GC invocations=91 (full 0):
 garbage-first heap   total 1085440K, used 664939K [0x0000000600000000, 0x0000000800000000)
  region size 4096K, 8 young (32768K), 8 survivors (32768K)
 Metaspace       used 190021K, committed 192896K, reserved 1245184K
  class space    used 24563K, committed 25984K, reserved 1048576K
}
Event: 102.949 GC heap before
{Heap before GC invocations=91 (full 0):
 garbage-first heap   total 1085440K, used 980331K [0x0000000600000000, 0x0000000800000000)
  region size 4096K, 86 young (352256K), 8 survivors (32768K)
 Metaspace       used 191321K, committed 194240K, reserved 1245184K
  class space    used 24721K, committed 26112K, reserved 1048576K
}
Event: 103.023 GC heap after
{Heap after GC invocations=92 (full 0):
 garbage-first heap   total 1085440K, used 607817K [0x0000000600000000, 0x0000000800000000)
  region size 4096K, 7 young (28672K), 7 survivors (28672K)
 Metaspace       used 191321K, committed 194240K, reserved 1245184K
  class space    used 24721K, committed 26112K, reserved 1048576K
}
Event: 105.717 GC heap before
{Heap before GC invocations=92 (full 0):
 garbage-first heap   total 1085440K, used 968265K [0x0000000600000000, 0x0000000800000000)
  region size 4096K, 96 young (393216K), 7 survivors (28672K)
 Metaspace       used 191667K, committed 194560K, reserved 1245184K
  class space    used 24762K, committed 26176K, reserved 1048576K
}

